<?xml version="1.0" encoding="UTF-8"?>
<testsuite name="run.ThemeParkApplicationIT" tests="4" skipped="0" failures="0" errors="0" timestamp="2020-11-30T03:25:53" hostname="DESKTOP-1RBLR2I" time="0.622">
  <properties/>
  <testcase name="getsAllRides" classname="run.ThemeParkApplicationIT" time="0.499"/>
  <testcase name="getsSingleRide" classname="run.ThemeParkApplicationIT" time="0.029"/>
  <testcase name="returnsNotFoundForInvalidSingleRide" classname="run.ThemeParkApplicationIT" time="0.012"/>
  <testcase name="addsNewRide" classname="run.ThemeParkApplicationIT" time="0.08"/>
  <system-out><![CDATA[22:25:44.871 [Test worker] DEBUG org.springframework.test.annotation.ProfileValueUtils - Retrieved @ProfileValueSourceConfiguration [null] for test class [run.ThemeParkApplicationIT]
22:25:44.872 [Test worker] DEBUG org.springframework.test.annotation.ProfileValueUtils - Retrieved ProfileValueSource type [class org.springframework.test.annotation.SystemProfileValueSource] for class [run.ThemeParkApplicationIT]
22:25:44.873 [Test worker] DEBUG org.springframework.test.annotation.ProfileValueUtils - Retrieved @ProfileValueSourceConfiguration [null] for test class [run.ThemeParkApplicationIT]
22:25:44.873 [Test worker] DEBUG org.springframework.test.annotation.ProfileValueUtils - Retrieved ProfileValueSource type [class org.springframework.test.annotation.SystemProfileValueSource] for class [run.ThemeParkApplicationIT]
22:25:44.883 [Test worker] DEBUG org.springframework.test.context.support.AbstractDirtiesContextTestExecutionListener - Before test class: context [DefaultTestContext@487831ce testClass = ThemeParkApplicationIT, testInstance = [null], testMethod = [null], testException = [null], mergedContextConfiguration = [WebMergedContextConfiguration@21420d8d testClass = ThemeParkApplicationIT, locations = '{}', classes = '{class run.ThemeParkApplication}', contextInitializerClasses = '[]', activeProfiles = '{}', propertySourceLocations = '{}', propertySourceProperties = '{org.springframework.boot.test.context.SpringBootTestContextBootstrapper=true}', contextCustomizers = set[org.springframework.boot.test.autoconfigure.properties.PropertyMappingContextCustomizer@4b3fa0b3, org.springframework.boot.test.autoconfigure.web.servlet.WebDriverContextCustomizerFactory$Customizer@40c30642, [ImportsContextCustomizer@791a7d72 key = [org.springframework.boot.test.autoconfigure.web.servlet.MockMvcAutoConfiguration, org.springframework.boot.test.autoconfigure.web.servlet.MockMvcWebClientAutoConfiguration, org.springframework.boot.test.autoconfigure.web.servlet.MockMvcWebDriverAutoConfiguration, org.springframework.boot.autoconfigure.security.oauth2.client.servlet.OAuth2ClientAutoConfiguration, org.springframework.boot.autoconfigure.security.oauth2.resource.servlet.OAuth2ResourceServerAutoConfiguration, org.springframework.boot.autoconfigure.security.servlet.SecurityAutoConfiguration, org.springframework.boot.autoconfigure.security.servlet.SecurityFilterAutoConfiguration, org.springframework.boot.autoconfigure.security.servlet.UserDetailsServiceAutoConfiguration, org.springframework.boot.test.autoconfigure.web.servlet.MockMvcSecurityConfiguration]], org.springframework.boot.test.context.filter.ExcludeFilterContextCustomizer@5cbdfb25, org.springframework.boot.test.json.DuplicateJsonObjectContextCustomizerFactory$DuplicateJsonObjectContextCustomizer@1364be5e, org.springframework.boot.test.mock.mockito.MockitoContextCustomizer@0, org.springframework.boot.test.web.client.TestRestTemplateContextCustomizer@7ad7c569, org.springframework.boot.test.context.SpringBootTestArgs@1], resourceBasePath = 'src/main/webapp', contextLoader = 'org.springframework.boot.test.context.SpringBootContextLoader', parent = [null]], attributes = map['org.springframework.test.context.web.ServletTestExecutionListener.activateListener' -> true]], class annotated with @DirtiesContext [false] with mode [null].
22:25:44.887 [Test worker] DEBUG org.springframework.test.annotation.ProfileValueUtils - Retrieved @ProfileValueSourceConfiguration [null] for test class [run.ThemeParkApplicationIT]
22:25:44.887 [Test worker] DEBUG org.springframework.test.annotation.ProfileValueUtils - Retrieved ProfileValueSource type [class org.springframework.test.annotation.SystemProfileValueSource] for class [run.ThemeParkApplicationIT]
22:25:44.916 [Test worker] DEBUG org.springframework.test.context.support.TestPropertySourceUtils - Adding inlined properties to environment: {spring.jmx.enabled=false, org.springframework.boot.test.context.SpringBootTestContextBootstrapper=true}

  .   ____          _            __ _ _
 /\\ / ___'_ __ _ _(_)_ __  __ _ \ \ \ \
( ( )\___ | '_ | '_| | '_ \/ _` | \ \ \ \
 \\/  ___)| |_)| | | | | || (_| |  ) ) ) )
  '  |____| .__|_| |_|_| |_\__, | / / / /
 =========|_|==============|___/=/_/_/_/
 :: Spring Boot ::        (v2.3.4.RELEASE)

2020-11-29 22:25:45.299  INFO 8688 --- [    Test worker] run.ThemeParkApplicationIT               : Starting ThemeParkApplicationIT on DESKTOP-1RBLR2I with PID 8688 (started by Vadym in C:\Users\Vadym\IdeaProjects\Studying\spring-boot-jenkins-docker)
2020-11-29 22:25:45.301  INFO 8688 --- [    Test worker] run.ThemeParkApplicationIT               : No active profile set, falling back to default profiles: default
2020-11-29 22:25:46.941  INFO 8688 --- [    Test worker] .s.d.r.c.RepositoryConfigurationDelegate : Bootstrapping Spring Data JPA repositories in DEFERRED mode.
2020-11-29 22:25:47.015  INFO 8688 --- [    Test worker] .s.d.r.c.RepositoryConfigurationDelegate : Finished Spring Data repository scanning in 64ms. Found 1 JPA repository interfaces.
2020-11-29 22:25:47.867  INFO 8688 --- [    Test worker] o.s.s.concurrent.ThreadPoolTaskExecutor  : Initializing ExecutorService 'applicationTaskExecutor'
2020-11-29 22:25:47.895  INFO 8688 --- [    Test worker] com.zaxxer.hikari.HikariDataSource       : HikariPool-1 - Starting...
2020-11-29 22:25:48.142  INFO 8688 --- [    Test worker] com.zaxxer.hikari.HikariDataSource       : HikariPool-1 - Start completed.
2020-11-29 22:25:48.278  INFO 8688 --- [         task-1] o.hibernate.jpa.internal.util.LogHelper  : HHH000204: Processing PersistenceUnitInfo [name: default]
2020-11-29 22:25:48.414  INFO 8688 --- [         task-1] org.hibernate.Version                    : HHH000412: Hibernate ORM core version 5.4.21.Final
2020-11-29 22:25:48.859  WARN 8688 --- [    Test worker] JpaBaseConfiguration$JpaWebConfiguration : spring.jpa.open-in-view is enabled by default. Therefore, database queries may be performed during view rendering. Explicitly configure spring.jpa.open-in-view to disable this warning
2020-11-29 22:25:48.876  INFO 8688 --- [         task-1] o.hibernate.annotations.common.Version   : HCANN000001: Hibernate Commons Annotations {5.1.0.Final}
2020-11-29 22:25:49.232  INFO 8688 --- [         task-1] org.hibernate.dialect.Dialect            : HHH000400: Using dialect: org.hibernate.dialect.H2Dialect
2020-11-29 22:25:51.718  INFO 8688 --- [         task-1] o.h.e.t.j.p.i.JtaPlatformInitiator       : HHH000490: Using JtaPlatform implementation: [org.hibernate.engine.transaction.jta.platform.internal.NoJtaPlatform]
2020-11-29 22:25:51.733  INFO 8688 --- [         task-1] j.LocalContainerEntityManagerFactoryBean : Initialized JPA EntityManagerFactory for persistence unit 'default'
2020-11-29 22:25:52.663  INFO 8688 --- [    Test worker] o.s.b.t.m.w.SpringBootMockServletContext : Initializing Spring TestDispatcherServlet ''
2020-11-29 22:25:52.663  INFO 8688 --- [    Test worker] o.s.t.web.servlet.TestDispatcherServlet  : Initializing Servlet ''
2020-11-29 22:25:52.694  INFO 8688 --- [    Test worker] o.s.b.a.e.web.EndpointLinksResolver      : Exposing 2 endpoint(s) beneath base path '/actuator'
2020-11-29 22:25:52.776  INFO 8688 --- [    Test worker] o.s.t.web.servlet.TestDispatcherServlet  : Completed initialization in 113 ms
2020-11-29 22:25:52.825  INFO 8688 --- [    Test worker] DeferredRepositoryInitializationListener : Triggering deferred initialization of Spring Data repositories…
2020-11-29 22:25:53.613  INFO 8688 --- [    Test worker] DeferredRepositoryInitializationListener : Spring Data repositories initialized!
2020-11-29 22:25:53.636  INFO 8688 --- [    Test worker] run.ThemeParkApplicationIT               : Started ThemeParkApplicationIT in 8.704 seconds (JVM running for 10.714)
]]></system-out>
  <system-err><![CDATA[]]></system-err>
</testsuite>
